[debug] [2024-08-09T03:19:53.349Z] ----------------------------------------------------------------------
[debug] [2024-08-09T03:19:53.350Z] Command:       C:\Program Files\nodejs\node.exe C:\Users\harsh\AppData\Roaming\npm\node_modules\firebase-tools\lib\bin\firebase.js init
[debug] [2024-08-09T03:19:53.351Z] CLI Version:   13.15.0
[debug] [2024-08-09T03:19:53.351Z] Platform:      win32
[debug] [2024-08-09T03:19:53.351Z] Node Version:  v18.18.2
[debug] [2024-08-09T03:19:53.352Z] Time:          Fri Aug 09 2024 08:49:53 GMT+0530 (India Standard Time)
[debug] [2024-08-09T03:19:53.352Z] ----------------------------------------------------------------------
[debug] 
[debug] [2024-08-09T03:19:53.357Z] > command requires scopes: ["email","openid","https://www.googleapis.com/auth/cloudplatformprojects.readonly","https://www.googleapis.com/auth/firebase","https://www.googleapis.com/auth/cloud-platform"]
[debug] [2024-08-09T03:19:53.357Z] > authorizing via signed-in user (omegaharshit@gmail.com)
[info] 
     ######## #### ########  ######## ########     ###     ######  ########
     ##        ##  ##     ## ##       ##     ##  ##   ##  ##       ##
     ######    ##  ########  ######   ########  #########  ######  ######
     ##        ##  ##    ##  ##       ##     ## ##     ##       ## ##
     ##       #### ##     ## ######## ########  ##     ##  ######  ########

You're about to initialize a Firebase project in this directory:

  C:\Learning\Web development\Projects\expense Tracker

Before we get started, keep in mind:

  * You are currently outside your home directory

